[2025-08-30 22:25:21] ERROR __main__ test_logging test_logging:38 This is an ERROR message - should appear in console, app_log.log, and error.log
[2025-08-30 23:00:53] ERROR authentication.views views register_user:99 User registration error: relation "token_blacklist_outstandingtoken" does not exist
LINE 1: INSERT INTO "token_blacklist_outstandingtoken" ("user_id", "...
                    ^

[2025-08-30 23:00:53] ERROR django.request log log_response:253 Internal Server Error: /api/v1/auth/register/
[2025-08-31 15:33:51] ERROR django.request log log_response:253 Internal Server Error: /api/v1/buyers/
Traceback (most recent call last):
  File "/Users/josh/Projects/Proj/tbi/julie/env_julie/lib/python3.13/site-packages/django/core/handlers/exception.py", line 55, in inner
    response = get_response(request)
  File "/Users/josh/Projects/Proj/tbi/julie/env_julie/lib/python3.13/site-packages/django/core/handlers/base.py", line 197, in _get_response
    response = wrapped_callback(request, *callback_args, **callback_kwargs)
  File "/Users/josh/Projects/Proj/tbi/julie/env_julie/lib/python3.13/site-packages/django/views/decorators/csrf.py", line 65, in _view_wrapper
    return view_func(request, *args, **kwargs)
  File "/Users/josh/Projects/Proj/tbi/julie/env_julie/lib/python3.13/site-packages/rest_framework/viewsets.py", line 125, in view
    return self.dispatch(request, *args, **kwargs)
           ~~~~~~~~~~~~~^^^^^^^^^^^^^^^^^^^^^^^^^^
  File "/Users/josh/Projects/Proj/tbi/julie/env_julie/lib/python3.13/site-packages/rest_framework/views.py", line 515, in dispatch
    response = self.handle_exception(exc)
  File "/Users/josh/Projects/Proj/tbi/julie/env_julie/lib/python3.13/site-packages/rest_framework/views.py", line 475, in handle_exception
    self.raise_uncaught_exception(exc)
    ~~~~~~~~~~~~~~~~~~~~~~~~~~~~~^^^^^
  File "/Users/josh/Projects/Proj/tbi/julie/env_julie/lib/python3.13/site-packages/rest_framework/views.py", line 486, in raise_uncaught_exception
    raise exc
  File "/Users/josh/Projects/Proj/tbi/julie/env_julie/lib/python3.13/site-packages/rest_framework/views.py", line 512, in dispatch
    response = handler(request, *args, **kwargs)
  File "/Users/josh/Projects/Proj/tbi/julie/env_julie/lib/python3.13/site-packages/drf_spectacular/drainage.py", line 207, in wrapped_method
    return method(self, request, *args, **kwargs)
  File "/Users/josh/Projects/Proj/tbi/julie/env_julie/lib/python3.13/site-packages/rest_framework/mixins.py", line 19, in create
    self.perform_create(serializer)
    ~~~~~~~~~~~~~~~~~~~^^^^^^^^^^^^
  File "/Users/josh/Projects/Proj/tbi/julie/julie/accounts/views/buyer_views.py", line 186, in perform_create
    buyer = serializer.save()
  File "/Users/josh/Projects/Proj/tbi/julie/env_julie/lib/python3.13/site-packages/rest_framework/serializers.py", line 210, in save
    self.instance = self.create(validated_data)
                    ~~~~~~~~~~~^^^^^^^^^^^^^^^^
  File "/Users/josh/Projects/Proj/tbi/julie/julie/accounts/serializers.py", line 49, in create
    # Extract password and mobile_no for create_user method
  File "/Users/josh/Projects/Proj/tbi/julie/julie/accounts/models.py", line 120, in create_user
    raise ValueError("The Mobile Number must start with 0")
ValueError: The Mobile Number must start with 0
[2025-08-31 16:47:47] ERROR django.request log log_response:253 Internal Server Error: /api/v1/sellers/
Traceback (most recent call last):
  File "/Users/josh/Projects/Proj/tbi/julie/env_julie/lib/python3.13/site-packages/django/core/handlers/exception.py", line 55, in inner
    response = get_response(request)
  File "/Users/josh/Projects/Proj/tbi/julie/env_julie/lib/python3.13/site-packages/django/core/handlers/base.py", line 197, in _get_response
    response = wrapped_callback(request, *callback_args, **callback_kwargs)
  File "/Users/josh/Projects/Proj/tbi/julie/env_julie/lib/python3.13/site-packages/django/views/decorators/csrf.py", line 65, in _view_wrapper
    return view_func(request, *args, **kwargs)
  File "/Users/josh/Projects/Proj/tbi/julie/env_julie/lib/python3.13/site-packages/rest_framework/viewsets.py", line 125, in view
    return self.dispatch(request, *args, **kwargs)
           ~~~~~~~~~~~~~^^^^^^^^^^^^^^^^^^^^^^^^^^
  File "/Users/josh/Projects/Proj/tbi/julie/env_julie/lib/python3.13/site-packages/rest_framework/views.py", line 515, in dispatch
    response = self.handle_exception(exc)
  File "/Users/josh/Projects/Proj/tbi/julie/env_julie/lib/python3.13/site-packages/rest_framework/views.py", line 475, in handle_exception
    self.raise_uncaught_exception(exc)
    ~~~~~~~~~~~~~~~~~~~~~~~~~~~~~^^^^^
  File "/Users/josh/Projects/Proj/tbi/julie/env_julie/lib/python3.13/site-packages/rest_framework/views.py", line 486, in raise_uncaught_exception
    raise exc
  File "/Users/josh/Projects/Proj/tbi/julie/env_julie/lib/python3.13/site-packages/rest_framework/views.py", line 512, in dispatch
    response = handler(request, *args, **kwargs)
  File "/Users/josh/Projects/Proj/tbi/julie/env_julie/lib/python3.13/site-packages/drf_spectacular/drainage.py", line 207, in wrapped_method
    return method(self, request, *args, **kwargs)
  File "/Users/josh/Projects/Proj/tbi/julie/env_julie/lib/python3.13/site-packages/rest_framework/mixins.py", line 40, in list
    page = self.paginate_queryset(queryset)
  File "/Users/josh/Projects/Proj/tbi/julie/env_julie/lib/python3.13/site-packages/rest_framework/generics.py", line 175, in paginate_queryset
    return self.paginator.paginate_queryset(queryset, self.request, view=self)
           ~~~~~~~~~~~~~~~~~~~~~~~~~~~~~~~~^^^^^^^^^^^^^^^^^^^^^^^^^^^^^^^^^^^
  File "/Users/josh/Projects/Proj/tbi/julie/env_julie/lib/python3.13/site-packages/rest_framework/pagination.py", line 222, in paginate_queryset
    return list(self.page)
  File "/Users/josh/Projects/Proj/tbi/julie/env_julie/lib/python3.13/site-packages/django/core/paginator.py", line 191, in __len__
    return len(self.object_list)
  File "/Users/josh/Projects/Proj/tbi/julie/env_julie/lib/python3.13/site-packages/django/db/models/query.py", line 366, in __len__
    self._fetch_all()
    ~~~~~~~~~~~~~~~^^
  File "/Users/josh/Projects/Proj/tbi/julie/env_julie/lib/python3.13/site-packages/django/db/models/query.py", line 1949, in _fetch_all
    self._result_cache = list(self._iterable_class(self))
                         ~~~~^^^^^^^^^^^^^^^^^^^^^^^^^^^^
  File "/Users/josh/Projects/Proj/tbi/julie/env_julie/lib/python3.13/site-packages/django/db/models/query.py", line 91, in __iter__
    results = compiler.execute_sql(
        chunked_fetch=self.chunked_fetch, chunk_size=self.chunk_size
    )
  File "/Users/josh/Projects/Proj/tbi/julie/env_julie/lib/python3.13/site-packages/django/db/models/sql/compiler.py", line 1610, in execute_sql
    sql, params = self.as_sql()
                  ~~~~~~~~~~~^^
  File "/Users/josh/Projects/Proj/tbi/julie/env_julie/lib/python3.13/site-packages/django/db/models/sql/compiler.py", line 766, in as_sql
    extra_select, order_by, group_by = self.pre_sql_setup(
                                       ~~~~~~~~~~~~~~~~~~^
        with_col_aliases=with_col_aliases or bool(combinator),
        ^^^^^^^^^^^^^^^^^^^^^^^^^^^^^^^^^^^^^^^^^^^^^^^^^^^^^^
    )
    ^
  File "/Users/josh/Projects/Proj/tbi/julie/env_julie/lib/python3.13/site-packages/django/db/models/sql/compiler.py", line 85, in pre_sql_setup
    self.setup_query(with_col_aliases=with_col_aliases)
    ~~~~~~~~~~~~~~~~^^^^^^^^^^^^^^^^^^^^^^^^^^^^^^^^^^^
  File "/Users/josh/Projects/Proj/tbi/julie/env_julie/lib/python3.13/site-packages/django/db/models/sql/compiler.py", line 74, in setup_query
    self.select, self.klass_info, self.annotation_col_map = self.get_select(
                                                            ~~~~~~~~~~~~~~~^
        with_col_aliases=with_col_aliases,
        ^^^^^^^^^^^^^^^^^^^^^^^^^^^^^^^^^^
    )
    ^
  File "/Users/josh/Projects/Proj/tbi/julie/env_julie/lib/python3.13/site-packages/django/db/models/sql/compiler.py", line 299, in get_select
    related_klass_infos = self.get_related_selections(select, select_mask)
  File "/Users/josh/Projects/Proj/tbi/julie/env_julie/lib/python3.13/site-packages/django/db/models/sql/compiler.py", line 1396, in get_related_selections
    raise FieldError(
    ...<6 lines>...
    )
django.core.exceptions.FieldError: Invalid field name(s) given in select_related: 'shop'. Choices are: user
[2025-08-31 16:51:20] ERROR django.request log log_response:253 Internal Server Error: /api/v1/sellers/
Traceback (most recent call last):
  File "/Users/josh/Projects/Proj/tbi/julie/env_julie/lib/python3.13/site-packages/django/core/handlers/exception.py", line 55, in inner
    response = get_response(request)
  File "/Users/josh/Projects/Proj/tbi/julie/env_julie/lib/python3.13/site-packages/django/core/handlers/base.py", line 197, in _get_response
    response = wrapped_callback(request, *callback_args, **callback_kwargs)
  File "/Users/josh/Projects/Proj/tbi/julie/env_julie/lib/python3.13/site-packages/django/views/decorators/csrf.py", line 65, in _view_wrapper
    return view_func(request, *args, **kwargs)
  File "/Users/josh/Projects/Proj/tbi/julie/env_julie/lib/python3.13/site-packages/rest_framework/viewsets.py", line 125, in view
    return self.dispatch(request, *args, **kwargs)
           ~~~~~~~~~~~~~^^^^^^^^^^^^^^^^^^^^^^^^^^
  File "/Users/josh/Projects/Proj/tbi/julie/env_julie/lib/python3.13/site-packages/rest_framework/views.py", line 515, in dispatch
    response = self.handle_exception(exc)
  File "/Users/josh/Projects/Proj/tbi/julie/env_julie/lib/python3.13/site-packages/rest_framework/views.py", line 475, in handle_exception
    self.raise_uncaught_exception(exc)
    ~~~~~~~~~~~~~~~~~~~~~~~~~~~~~^^^^^
  File "/Users/josh/Projects/Proj/tbi/julie/env_julie/lib/python3.13/site-packages/rest_framework/views.py", line 486, in raise_uncaught_exception
    raise exc
  File "/Users/josh/Projects/Proj/tbi/julie/env_julie/lib/python3.13/site-packages/rest_framework/views.py", line 512, in dispatch
    response = handler(request, *args, **kwargs)
  File "/Users/josh/Projects/Proj/tbi/julie/env_julie/lib/python3.13/site-packages/drf_spectacular/drainage.py", line 207, in wrapped_method
    return method(self, request, *args, **kwargs)
  File "/Users/josh/Projects/Proj/tbi/julie/env_julie/lib/python3.13/site-packages/rest_framework/mixins.py", line 40, in list
    page = self.paginate_queryset(queryset)
  File "/Users/josh/Projects/Proj/tbi/julie/env_julie/lib/python3.13/site-packages/rest_framework/generics.py", line 175, in paginate_queryset
    return self.paginator.paginate_queryset(queryset, self.request, view=self)
           ~~~~~~~~~~~~~~~~~~~~~~~~~~~~~~~~^^^^^^^^^^^^^^^^^^^^^^^^^^^^^^^^^^^
  File "/Users/josh/Projects/Proj/tbi/julie/env_julie/lib/python3.13/site-packages/rest_framework/pagination.py", line 222, in paginate_queryset
    return list(self.page)
  File "/Users/josh/Projects/Proj/tbi/julie/env_julie/lib/python3.13/site-packages/django/core/paginator.py", line 191, in __len__
    return len(self.object_list)
  File "/Users/josh/Projects/Proj/tbi/julie/env_julie/lib/python3.13/site-packages/django/db/models/query.py", line 366, in __len__
    self._fetch_all()
    ~~~~~~~~~~~~~~~^^
  File "/Users/josh/Projects/Proj/tbi/julie/env_julie/lib/python3.13/site-packages/django/db/models/query.py", line 1949, in _fetch_all
    self._result_cache = list(self._iterable_class(self))
                         ~~~~^^^^^^^^^^^^^^^^^^^^^^^^^^^^
  File "/Users/josh/Projects/Proj/tbi/julie/env_julie/lib/python3.13/site-packages/django/db/models/query.py", line 91, in __iter__
    results = compiler.execute_sql(
        chunked_fetch=self.chunked_fetch, chunk_size=self.chunk_size
    )
  File "/Users/josh/Projects/Proj/tbi/julie/env_julie/lib/python3.13/site-packages/django/db/models/sql/compiler.py", line 1610, in execute_sql
    sql, params = self.as_sql()
                  ~~~~~~~~~~~^^
  File "/Users/josh/Projects/Proj/tbi/julie/env_julie/lib/python3.13/site-packages/django/db/models/sql/compiler.py", line 766, in as_sql
    extra_select, order_by, group_by = self.pre_sql_setup(
                                       ~~~~~~~~~~~~~~~~~~^
        with_col_aliases=with_col_aliases or bool(combinator),
        ^^^^^^^^^^^^^^^^^^^^^^^^^^^^^^^^^^^^^^^^^^^^^^^^^^^^^^
    )
    ^
  File "/Users/josh/Projects/Proj/tbi/julie/env_julie/lib/python3.13/site-packages/django/db/models/sql/compiler.py", line 85, in pre_sql_setup
    self.setup_query(with_col_aliases=with_col_aliases)
    ~~~~~~~~~~~~~~~~^^^^^^^^^^^^^^^^^^^^^^^^^^^^^^^^^^^
  File "/Users/josh/Projects/Proj/tbi/julie/env_julie/lib/python3.13/site-packages/django/db/models/sql/compiler.py", line 74, in setup_query
    self.select, self.klass_info, self.annotation_col_map = self.get_select(
                                                            ~~~~~~~~~~~~~~~^
        with_col_aliases=with_col_aliases,
        ^^^^^^^^^^^^^^^^^^^^^^^^^^^^^^^^^^
    )
    ^
  File "/Users/josh/Projects/Proj/tbi/julie/env_julie/lib/python3.13/site-packages/django/db/models/sql/compiler.py", line 299, in get_select
    related_klass_infos = self.get_related_selections(select, select_mask)
  File "/Users/josh/Projects/Proj/tbi/julie/env_julie/lib/python3.13/site-packages/django/db/models/sql/compiler.py", line 1396, in get_related_selections
    raise FieldError(
    ...<6 lines>...
    )
django.core.exceptions.FieldError: Invalid field name(s) given in select_related: 'shop'. Choices are: user
[2025-08-31 16:51:54] ERROR django.request log log_response:253 Internal Server Error: /api/v1/sellers/
Traceback (most recent call last):
  File "/Users/josh/Projects/Proj/tbi/julie/env_julie/lib/python3.13/site-packages/django/core/handlers/exception.py", line 55, in inner
    response = get_response(request)
  File "/Users/josh/Projects/Proj/tbi/julie/env_julie/lib/python3.13/site-packages/django/core/handlers/base.py", line 197, in _get_response
    response = wrapped_callback(request, *callback_args, **callback_kwargs)
  File "/Users/josh/Projects/Proj/tbi/julie/env_julie/lib/python3.13/site-packages/django/views/decorators/csrf.py", line 65, in _view_wrapper
    return view_func(request, *args, **kwargs)
  File "/Users/josh/Projects/Proj/tbi/julie/env_julie/lib/python3.13/site-packages/rest_framework/viewsets.py", line 125, in view
    return self.dispatch(request, *args, **kwargs)
           ~~~~~~~~~~~~~^^^^^^^^^^^^^^^^^^^^^^^^^^
  File "/Users/josh/Projects/Proj/tbi/julie/env_julie/lib/python3.13/site-packages/rest_framework/views.py", line 515, in dispatch
    response = self.handle_exception(exc)
  File "/Users/josh/Projects/Proj/tbi/julie/env_julie/lib/python3.13/site-packages/rest_framework/views.py", line 475, in handle_exception
    self.raise_uncaught_exception(exc)
    ~~~~~~~~~~~~~~~~~~~~~~~~~~~~~^^^^^
  File "/Users/josh/Projects/Proj/tbi/julie/env_julie/lib/python3.13/site-packages/rest_framework/views.py", line 486, in raise_uncaught_exception
    raise exc
  File "/Users/josh/Projects/Proj/tbi/julie/env_julie/lib/python3.13/site-packages/rest_framework/views.py", line 512, in dispatch
    response = handler(request, *args, **kwargs)
  File "/Users/josh/Projects/Proj/tbi/julie/env_julie/lib/python3.13/site-packages/drf_spectacular/drainage.py", line 207, in wrapped_method
    return method(self, request, *args, **kwargs)
  File "/Users/josh/Projects/Proj/tbi/julie/env_julie/lib/python3.13/site-packages/rest_framework/mixins.py", line 40, in list
    page = self.paginate_queryset(queryset)
  File "/Users/josh/Projects/Proj/tbi/julie/env_julie/lib/python3.13/site-packages/rest_framework/generics.py", line 175, in paginate_queryset
    return self.paginator.paginate_queryset(queryset, self.request, view=self)
           ~~~~~~~~~~~~~~~~~~~~~~~~~~~~~~~~^^^^^^^^^^^^^^^^^^^^^^^^^^^^^^^^^^^
  File "/Users/josh/Projects/Proj/tbi/julie/env_julie/lib/python3.13/site-packages/rest_framework/pagination.py", line 222, in paginate_queryset
    return list(self.page)
  File "/Users/josh/Projects/Proj/tbi/julie/env_julie/lib/python3.13/site-packages/django/core/paginator.py", line 191, in __len__
    return len(self.object_list)
  File "/Users/josh/Projects/Proj/tbi/julie/env_julie/lib/python3.13/site-packages/django/db/models/query.py", line 366, in __len__
    self._fetch_all()
    ~~~~~~~~~~~~~~~^^
  File "/Users/josh/Projects/Proj/tbi/julie/env_julie/lib/python3.13/site-packages/django/db/models/query.py", line 1949, in _fetch_all
    self._result_cache = list(self._iterable_class(self))
                         ~~~~^^^^^^^^^^^^^^^^^^^^^^^^^^^^
  File "/Users/josh/Projects/Proj/tbi/julie/env_julie/lib/python3.13/site-packages/django/db/models/query.py", line 91, in __iter__
    results = compiler.execute_sql(
        chunked_fetch=self.chunked_fetch, chunk_size=self.chunk_size
    )
  File "/Users/josh/Projects/Proj/tbi/julie/env_julie/lib/python3.13/site-packages/django/db/models/sql/compiler.py", line 1610, in execute_sql
    sql, params = self.as_sql()
                  ~~~~~~~~~~~^^
  File "/Users/josh/Projects/Proj/tbi/julie/env_julie/lib/python3.13/site-packages/django/db/models/sql/compiler.py", line 766, in as_sql
    extra_select, order_by, group_by = self.pre_sql_setup(
                                       ~~~~~~~~~~~~~~~~~~^
        with_col_aliases=with_col_aliases or bool(combinator),
        ^^^^^^^^^^^^^^^^^^^^^^^^^^^^^^^^^^^^^^^^^^^^^^^^^^^^^^
    )
    ^
  File "/Users/josh/Projects/Proj/tbi/julie/env_julie/lib/python3.13/site-packages/django/db/models/sql/compiler.py", line 85, in pre_sql_setup
    self.setup_query(with_col_aliases=with_col_aliases)
    ~~~~~~~~~~~~~~~~^^^^^^^^^^^^^^^^^^^^^^^^^^^^^^^^^^^
  File "/Users/josh/Projects/Proj/tbi/julie/env_julie/lib/python3.13/site-packages/django/db/models/sql/compiler.py", line 74, in setup_query
    self.select, self.klass_info, self.annotation_col_map = self.get_select(
                                                            ~~~~~~~~~~~~~~~^
        with_col_aliases=with_col_aliases,
        ^^^^^^^^^^^^^^^^^^^^^^^^^^^^^^^^^^
    )
    ^
  File "/Users/josh/Projects/Proj/tbi/julie/env_julie/lib/python3.13/site-packages/django/db/models/sql/compiler.py", line 299, in get_select
    related_klass_infos = self.get_related_selections(select, select_mask)
  File "/Users/josh/Projects/Proj/tbi/julie/env_julie/lib/python3.13/site-packages/django/db/models/sql/compiler.py", line 1396, in get_related_selections
    raise FieldError(
    ...<6 lines>...
    )
django.core.exceptions.FieldError: Invalid field name(s) given in select_related: 'shop'. Choices are: user
[2025-08-31 16:55:33] ERROR django.request log log_response:253 Internal Server Error: /api/v1/schema/
Traceback (most recent call last):
  File "/Users/josh/Projects/Proj/tbi/julie/env_julie/lib/python3.13/site-packages/django/core/handlers/exception.py", line 55, in inner
    response = get_response(request)
  File "/Users/josh/Projects/Proj/tbi/julie/env_julie/lib/python3.13/site-packages/django/core/handlers/base.py", line 197, in _get_response
    response = wrapped_callback(request, *callback_args, **callback_kwargs)
  File "/Users/josh/Projects/Proj/tbi/julie/env_julie/lib/python3.13/site-packages/django/views/decorators/csrf.py", line 65, in _view_wrapper
    return view_func(request, *args, **kwargs)
  File "/Users/josh/Projects/Proj/tbi/julie/env_julie/lib/python3.13/site-packages/django/views/generic/base.py", line 105, in view
    return self.dispatch(request, *args, **kwargs)
           ~~~~~~~~~~~~~^^^^^^^^^^^^^^^^^^^^^^^^^^
  File "/Users/josh/Projects/Proj/tbi/julie/env_julie/lib/python3.13/site-packages/rest_framework/views.py", line 515, in dispatch
    response = self.handle_exception(exc)
  File "/Users/josh/Projects/Proj/tbi/julie/env_julie/lib/python3.13/site-packages/rest_framework/views.py", line 475, in handle_exception
    self.raise_uncaught_exception(exc)
    ~~~~~~~~~~~~~~~~~~~~~~~~~~~~~^^^^^
  File "/Users/josh/Projects/Proj/tbi/julie/env_julie/lib/python3.13/site-packages/rest_framework/views.py", line 486, in raise_uncaught_exception
    raise exc
  File "/Users/josh/Projects/Proj/tbi/julie/env_julie/lib/python3.13/site-packages/rest_framework/views.py", line 512, in dispatch
    response = handler(request, *args, **kwargs)
  File "/Users/josh/Projects/Proj/tbi/julie/env_julie/lib/python3.13/site-packages/drf_spectacular/views.py", line 84, in get
    return self._get_schema_response(request)
           ~~~~~~~~~~~~~~~~~~~~~~~~~^^^^^^^^^
  File "/Users/josh/Projects/Proj/tbi/julie/env_julie/lib/python3.13/site-packages/drf_spectacular/views.py", line 92, in _get_schema_response
    data=generator.get_schema(request=request, public=self.serve_public),
         ~~~~~~~~~~~~~~~~~~~~^^^^^^^^^^^^^^^^^^^^^^^^^^^^^^^^^^^^^^^^^^^
  File "/Users/josh/Projects/Proj/tbi/julie/env_julie/lib/python3.13/site-packages/drf_spectacular/generators.py", line 285, in get_schema
    paths=self.parse(request, public),
          ~~~~~~~~~~^^^^^^^^^^^^^^^^^
  File "/Users/josh/Projects/Proj/tbi/julie/env_julie/lib/python3.13/site-packages/drf_spectacular/generators.py", line 256, in parse
    operation = view.schema.get_operation(
        path, path_regex, path_prefix, method, self.registry
    )
  File "/Users/josh/Projects/Proj/tbi/julie/env_julie/lib/python3.13/site-packages/drf_spectacular/utils.py", line 451, in get_operation
    return super().get_operation(path, path_regex, path_prefix, method, registry)
           ~~~~~~~~~~~~~~~~~~~~~^^^^^^^^^^^^^^^^^^^^^^^^^^^^^^^^^^^^^^^^^^^^^^^^^
  File "/Users/josh/Projects/Proj/tbi/julie/env_julie/lib/python3.13/site-packages/drf_spectacular/openapi.py", line 112, in get_operation
    operation['responses'] = self._get_response_bodies()
                             ~~~~~~~~~~~~~~~~~~~~~~~~~^^
  File "/Users/josh/Projects/Proj/tbi/julie/env_julie/lib/python3.13/site-packages/drf_spectacular/openapi.py", line 1397, in _get_response_bodies
    return {'200': self._get_response_for_code(response_serializers, '200', direction=direction)}
                   ~~~~~~~~~~~~~~~~~~~~~~~~~~~^^^^^^^^^^^^^^^^^^^^^^^^^^^^^^^^^^^^^^^^^^^^^^^^^^
  File "/Users/josh/Projects/Proj/tbi/julie/env_julie/lib/python3.13/site-packages/drf_spectacular/openapi.py", line 1453, in _get_response_for_code
    component = self.resolve_serializer(serializer, direction)
  File "/Users/josh/Projects/Proj/tbi/julie/env_julie/lib/python3.13/site-packages/drf_spectacular/openapi.py", line 1648, in resolve_serializer
    component.schema = self._map_serializer(serializer, direction, bypass_extensions)
                       ~~~~~~~~~~~~~~~~~~~~^^^^^^^^^^^^^^^^^^^^^^^^^^^^^^^^^^^^^^^^^^
  File "/Users/josh/Projects/Proj/tbi/julie/env_julie/lib/python3.13/site-packages/drf_spectacular/openapi.py", line 949, in _map_serializer
    schema = self._map_basic_serializer(serializer, direction)
  File "/Users/josh/Projects/Proj/tbi/julie/env_julie/lib/python3.13/site-packages/drf_spectacular/openapi.py", line 1042, in _map_basic_serializer
    for field in serializer.fields.values():
                 ^^^^^^^^^^^^^^^^^
  File "/Users/josh/Projects/Proj/tbi/julie/env_julie/lib/python3.13/site-packages/django/utils/functional.py", line 47, in __get__
    res = instance.__dict__[self.name] = self.func(instance)
                                         ~~~~~~~~~^^^^^^^^^^
  File "/Users/josh/Projects/Proj/tbi/julie/env_julie/lib/python3.13/site-packages/rest_framework/serializers.py", line 374, in fields
    for key, value in self.get_fields().items():
                      ~~~~~~~~~~~~~~~^^
  File "/Users/josh/Projects/Proj/tbi/julie/env_julie/lib/python3.13/site-packages/rest_framework/serializers.py", line 1105, in get_fields
    field_class, field_kwargs = self.build_field(
                                ~~~~~~~~~~~~~~~~^
        source, info, model, depth
        ^^^^^^^^^^^^^^^^^^^^^^^^^^
    )
    ^
  File "/Users/josh/Projects/Proj/tbi/julie/env_julie/lib/python3.13/site-packages/rest_framework/serializers.py", line 1251, in build_field
    return self.build_unknown_field(field_name, model_class)
           ~~~~~~~~~~~~~~~~~~~~~~~~^^^^^^^^^^^^^^^^^^^^^^^^^
  File "/Users/josh/Projects/Proj/tbi/julie/env_julie/lib/python3.13/site-packages/rest_framework/serializers.py", line 1369, in build_unknown_field
    raise ImproperlyConfigured(
    ...<2 lines>...
    )
django.core.exceptions.ImproperlyConfigured: Field name `shop` is not valid for model `Seller` in `accounts.serializers.SellerSerializer`.
[2025-08-31 16:55:33] ERROR django.request log log_response:253 Internal Server Error: /api/v1/schema/
Traceback (most recent call last):
  File "/Users/josh/Projects/Proj/tbi/julie/env_julie/lib/python3.13/site-packages/django/core/handlers/exception.py", line 55, in inner
    response = get_response(request)
  File "/Users/josh/Projects/Proj/tbi/julie/env_julie/lib/python3.13/site-packages/django/core/handlers/base.py", line 197, in _get_response
    response = wrapped_callback(request, *callback_args, **callback_kwargs)
  File "/Users/josh/Projects/Proj/tbi/julie/env_julie/lib/python3.13/site-packages/django/views/decorators/csrf.py", line 65, in _view_wrapper
    return view_func(request, *args, **kwargs)
  File "/Users/josh/Projects/Proj/tbi/julie/env_julie/lib/python3.13/site-packages/django/views/generic/base.py", line 105, in view
    return self.dispatch(request, *args, **kwargs)
           ~~~~~~~~~~~~~^^^^^^^^^^^^^^^^^^^^^^^^^^
  File "/Users/josh/Projects/Proj/tbi/julie/env_julie/lib/python3.13/site-packages/rest_framework/views.py", line 515, in dispatch
    response = self.handle_exception(exc)
  File "/Users/josh/Projects/Proj/tbi/julie/env_julie/lib/python3.13/site-packages/rest_framework/views.py", line 475, in handle_exception
    self.raise_uncaught_exception(exc)
    ~~~~~~~~~~~~~~~~~~~~~~~~~~~~~^^^^^
  File "/Users/josh/Projects/Proj/tbi/julie/env_julie/lib/python3.13/site-packages/rest_framework/views.py", line 486, in raise_uncaught_exception
    raise exc
  File "/Users/josh/Projects/Proj/tbi/julie/env_julie/lib/python3.13/site-packages/rest_framework/views.py", line 512, in dispatch
    response = handler(request, *args, **kwargs)
  File "/Users/josh/Projects/Proj/tbi/julie/env_julie/lib/python3.13/site-packages/drf_spectacular/views.py", line 84, in get
    return self._get_schema_response(request)
           ~~~~~~~~~~~~~~~~~~~~~~~~~^^^^^^^^^
  File "/Users/josh/Projects/Proj/tbi/julie/env_julie/lib/python3.13/site-packages/drf_spectacular/views.py", line 92, in _get_schema_response
    data=generator.get_schema(request=request, public=self.serve_public),
         ~~~~~~~~~~~~~~~~~~~~^^^^^^^^^^^^^^^^^^^^^^^^^^^^^^^^^^^^^^^^^^^
  File "/Users/josh/Projects/Proj/tbi/julie/env_julie/lib/python3.13/site-packages/drf_spectacular/generators.py", line 285, in get_schema
    paths=self.parse(request, public),
          ~~~~~~~~~~^^^^^^^^^^^^^^^^^
  File "/Users/josh/Projects/Proj/tbi/julie/env_julie/lib/python3.13/site-packages/drf_spectacular/generators.py", line 256, in parse
    operation = view.schema.get_operation(
        path, path_regex, path_prefix, method, self.registry
    )
  File "/Users/josh/Projects/Proj/tbi/julie/env_julie/lib/python3.13/site-packages/drf_spectacular/utils.py", line 451, in get_operation
    return super().get_operation(path, path_regex, path_prefix, method, registry)
           ~~~~~~~~~~~~~~~~~~~~~^^^^^^^^^^^^^^^^^^^^^^^^^^^^^^^^^^^^^^^^^^^^^^^^^
  File "/Users/josh/Projects/Proj/tbi/julie/env_julie/lib/python3.13/site-packages/drf_spectacular/openapi.py", line 112, in get_operation
    operation['responses'] = self._get_response_bodies()
                             ~~~~~~~~~~~~~~~~~~~~~~~~~^^
  File "/Users/josh/Projects/Proj/tbi/julie/env_julie/lib/python3.13/site-packages/drf_spectacular/openapi.py", line 1397, in _get_response_bodies
    return {'200': self._get_response_for_code(response_serializers, '200', direction=direction)}
                   ~~~~~~~~~~~~~~~~~~~~~~~~~~~^^^^^^^^^^^^^^^^^^^^^^^^^^^^^^^^^^^^^^^^^^^^^^^^^^
  File "/Users/josh/Projects/Proj/tbi/julie/env_julie/lib/python3.13/site-packages/drf_spectacular/openapi.py", line 1453, in _get_response_for_code
    component = self.resolve_serializer(serializer, direction)
  File "/Users/josh/Projects/Proj/tbi/julie/env_julie/lib/python3.13/site-packages/drf_spectacular/openapi.py", line 1648, in resolve_serializer
    component.schema = self._map_serializer(serializer, direction, bypass_extensions)
                       ~~~~~~~~~~~~~~~~~~~~^^^^^^^^^^^^^^^^^^^^^^^^^^^^^^^^^^^^^^^^^^
  File "/Users/josh/Projects/Proj/tbi/julie/env_julie/lib/python3.13/site-packages/drf_spectacular/openapi.py", line 949, in _map_serializer
    schema = self._map_basic_serializer(serializer, direction)
  File "/Users/josh/Projects/Proj/tbi/julie/env_julie/lib/python3.13/site-packages/drf_spectacular/openapi.py", line 1042, in _map_basic_serializer
    for field in serializer.fields.values():
                 ^^^^^^^^^^^^^^^^^
  File "/Users/josh/Projects/Proj/tbi/julie/env_julie/lib/python3.13/site-packages/django/utils/functional.py", line 47, in __get__
    res = instance.__dict__[self.name] = self.func(instance)
                                         ~~~~~~~~~^^^^^^^^^^
  File "/Users/josh/Projects/Proj/tbi/julie/env_julie/lib/python3.13/site-packages/rest_framework/serializers.py", line 374, in fields
    for key, value in self.get_fields().items():
                      ~~~~~~~~~~~~~~~^^
  File "/Users/josh/Projects/Proj/tbi/julie/env_julie/lib/python3.13/site-packages/rest_framework/serializers.py", line 1105, in get_fields
    field_class, field_kwargs = self.build_field(
                                ~~~~~~~~~~~~~~~~^
        source, info, model, depth
        ^^^^^^^^^^^^^^^^^^^^^^^^^^
    )
    ^
  File "/Users/josh/Projects/Proj/tbi/julie/env_julie/lib/python3.13/site-packages/rest_framework/serializers.py", line 1251, in build_field
    return self.build_unknown_field(field_name, model_class)
           ~~~~~~~~~~~~~~~~~~~~~~~~^^^^^^^^^^^^^^^^^^^^^^^^^
  File "/Users/josh/Projects/Proj/tbi/julie/env_julie/lib/python3.13/site-packages/rest_framework/serializers.py", line 1369, in build_unknown_field
    raise ImproperlyConfigured(
    ...<2 lines>...
    )
django.core.exceptions.ImproperlyConfigured: Field name `shop` is not valid for model `Seller` in `accounts.serializers.SellerSerializer`.
[2025-08-31 16:55:40] ERROR django.request log log_response:253 Internal Server Error: /api/v1/schema/
Traceback (most recent call last):
  File "/Users/josh/Projects/Proj/tbi/julie/env_julie/lib/python3.13/site-packages/django/core/handlers/exception.py", line 55, in inner
    response = get_response(request)
  File "/Users/josh/Projects/Proj/tbi/julie/env_julie/lib/python3.13/site-packages/django/core/handlers/base.py", line 197, in _get_response
    response = wrapped_callback(request, *callback_args, **callback_kwargs)
  File "/Users/josh/Projects/Proj/tbi/julie/env_julie/lib/python3.13/site-packages/django/views/decorators/csrf.py", line 65, in _view_wrapper
    return view_func(request, *args, **kwargs)
  File "/Users/josh/Projects/Proj/tbi/julie/env_julie/lib/python3.13/site-packages/django/views/generic/base.py", line 105, in view
    return self.dispatch(request, *args, **kwargs)
           ~~~~~~~~~~~~~^^^^^^^^^^^^^^^^^^^^^^^^^^
  File "/Users/josh/Projects/Proj/tbi/julie/env_julie/lib/python3.13/site-packages/rest_framework/views.py", line 515, in dispatch
    response = self.handle_exception(exc)
  File "/Users/josh/Projects/Proj/tbi/julie/env_julie/lib/python3.13/site-packages/rest_framework/views.py", line 475, in handle_exception
    self.raise_uncaught_exception(exc)
    ~~~~~~~~~~~~~~~~~~~~~~~~~~~~~^^^^^
  File "/Users/josh/Projects/Proj/tbi/julie/env_julie/lib/python3.13/site-packages/rest_framework/views.py", line 486, in raise_uncaught_exception
    raise exc
  File "/Users/josh/Projects/Proj/tbi/julie/env_julie/lib/python3.13/site-packages/rest_framework/views.py", line 512, in dispatch
    response = handler(request, *args, **kwargs)
  File "/Users/josh/Projects/Proj/tbi/julie/env_julie/lib/python3.13/site-packages/drf_spectacular/views.py", line 84, in get
    return self._get_schema_response(request)
           ~~~~~~~~~~~~~~~~~~~~~~~~~^^^^^^^^^
  File "/Users/josh/Projects/Proj/tbi/julie/env_julie/lib/python3.13/site-packages/drf_spectacular/views.py", line 92, in _get_schema_response
    data=generator.get_schema(request=request, public=self.serve_public),
         ~~~~~~~~~~~~~~~~~~~~^^^^^^^^^^^^^^^^^^^^^^^^^^^^^^^^^^^^^^^^^^^
  File "/Users/josh/Projects/Proj/tbi/julie/env_julie/lib/python3.13/site-packages/drf_spectacular/generators.py", line 285, in get_schema
    paths=self.parse(request, public),
          ~~~~~~~~~~^^^^^^^^^^^^^^^^^
  File "/Users/josh/Projects/Proj/tbi/julie/env_julie/lib/python3.13/site-packages/drf_spectacular/generators.py", line 256, in parse
    operation = view.schema.get_operation(
        path, path_regex, path_prefix, method, self.registry
    )
  File "/Users/josh/Projects/Proj/tbi/julie/env_julie/lib/python3.13/site-packages/drf_spectacular/utils.py", line 451, in get_operation
    return super().get_operation(path, path_regex, path_prefix, method, registry)
           ~~~~~~~~~~~~~~~~~~~~~^^^^^^^^^^^^^^^^^^^^^^^^^^^^^^^^^^^^^^^^^^^^^^^^^
  File "/Users/josh/Projects/Proj/tbi/julie/env_julie/lib/python3.13/site-packages/drf_spectacular/openapi.py", line 112, in get_operation
    operation['responses'] = self._get_response_bodies()
                             ~~~~~~~~~~~~~~~~~~~~~~~~~^^
  File "/Users/josh/Projects/Proj/tbi/julie/env_julie/lib/python3.13/site-packages/drf_spectacular/openapi.py", line 1397, in _get_response_bodies
    return {'200': self._get_response_for_code(response_serializers, '200', direction=direction)}
                   ~~~~~~~~~~~~~~~~~~~~~~~~~~~^^^^^^^^^^^^^^^^^^^^^^^^^^^^^^^^^^^^^^^^^^^^^^^^^^
  File "/Users/josh/Projects/Proj/tbi/julie/env_julie/lib/python3.13/site-packages/drf_spectacular/openapi.py", line 1453, in _get_response_for_code
    component = self.resolve_serializer(serializer, direction)
  File "/Users/josh/Projects/Proj/tbi/julie/env_julie/lib/python3.13/site-packages/drf_spectacular/openapi.py", line 1648, in resolve_serializer
    component.schema = self._map_serializer(serializer, direction, bypass_extensions)
                       ~~~~~~~~~~~~~~~~~~~~^^^^^^^^^^^^^^^^^^^^^^^^^^^^^^^^^^^^^^^^^^
  File "/Users/josh/Projects/Proj/tbi/julie/env_julie/lib/python3.13/site-packages/drf_spectacular/openapi.py", line 949, in _map_serializer
    schema = self._map_basic_serializer(serializer, direction)
  File "/Users/josh/Projects/Proj/tbi/julie/env_julie/lib/python3.13/site-packages/drf_spectacular/openapi.py", line 1042, in _map_basic_serializer
    for field in serializer.fields.values():
                 ^^^^^^^^^^^^^^^^^
  File "/Users/josh/Projects/Proj/tbi/julie/env_julie/lib/python3.13/site-packages/django/utils/functional.py", line 47, in __get__
    res = instance.__dict__[self.name] = self.func(instance)
                                         ~~~~~~~~~^^^^^^^^^^
  File "/Users/josh/Projects/Proj/tbi/julie/env_julie/lib/python3.13/site-packages/rest_framework/serializers.py", line 374, in fields
    for key, value in self.get_fields().items():
                      ~~~~~~~~~~~~~~~^^
  File "/Users/josh/Projects/Proj/tbi/julie/env_julie/lib/python3.13/site-packages/rest_framework/serializers.py", line 1105, in get_fields
    field_class, field_kwargs = self.build_field(
                                ~~~~~~~~~~~~~~~~^
        source, info, model, depth
        ^^^^^^^^^^^^^^^^^^^^^^^^^^
    )
    ^
  File "/Users/josh/Projects/Proj/tbi/julie/env_julie/lib/python3.13/site-packages/rest_framework/serializers.py", line 1251, in build_field
    return self.build_unknown_field(field_name, model_class)
           ~~~~~~~~~~~~~~~~~~~~~~~~^^^^^^^^^^^^^^^^^^^^^^^^^
  File "/Users/josh/Projects/Proj/tbi/julie/env_julie/lib/python3.13/site-packages/rest_framework/serializers.py", line 1369, in build_unknown_field
    raise ImproperlyConfigured(
    ...<2 lines>...
    )
django.core.exceptions.ImproperlyConfigured: Field name `shop` is not valid for model `Seller` in `accounts.serializers.SellerSerializer`.
[2025-08-31 16:55:41] ERROR django.request log log_response:253 Internal Server Error: /api/v1/schema/
Traceback (most recent call last):
  File "/Users/josh/Projects/Proj/tbi/julie/env_julie/lib/python3.13/site-packages/django/core/handlers/exception.py", line 55, in inner
    response = get_response(request)
  File "/Users/josh/Projects/Proj/tbi/julie/env_julie/lib/python3.13/site-packages/django/core/handlers/base.py", line 197, in _get_response
    response = wrapped_callback(request, *callback_args, **callback_kwargs)
  File "/Users/josh/Projects/Proj/tbi/julie/env_julie/lib/python3.13/site-packages/django/views/decorators/csrf.py", line 65, in _view_wrapper
    return view_func(request, *args, **kwargs)
  File "/Users/josh/Projects/Proj/tbi/julie/env_julie/lib/python3.13/site-packages/django/views/generic/base.py", line 105, in view
    return self.dispatch(request, *args, **kwargs)
           ~~~~~~~~~~~~~^^^^^^^^^^^^^^^^^^^^^^^^^^
  File "/Users/josh/Projects/Proj/tbi/julie/env_julie/lib/python3.13/site-packages/rest_framework/views.py", line 515, in dispatch
    response = self.handle_exception(exc)
  File "/Users/josh/Projects/Proj/tbi/julie/env_julie/lib/python3.13/site-packages/rest_framework/views.py", line 475, in handle_exception
    self.raise_uncaught_exception(exc)
    ~~~~~~~~~~~~~~~~~~~~~~~~~~~~~^^^^^
  File "/Users/josh/Projects/Proj/tbi/julie/env_julie/lib/python3.13/site-packages/rest_framework/views.py", line 486, in raise_uncaught_exception
    raise exc
  File "/Users/josh/Projects/Proj/tbi/julie/env_julie/lib/python3.13/site-packages/rest_framework/views.py", line 512, in dispatch
    response = handler(request, *args, **kwargs)
  File "/Users/josh/Projects/Proj/tbi/julie/env_julie/lib/python3.13/site-packages/drf_spectacular/views.py", line 84, in get
    return self._get_schema_response(request)
           ~~~~~~~~~~~~~~~~~~~~~~~~~^^^^^^^^^
  File "/Users/josh/Projects/Proj/tbi/julie/env_julie/lib/python3.13/site-packages/drf_spectacular/views.py", line 92, in _get_schema_response
    data=generator.get_schema(request=request, public=self.serve_public),
         ~~~~~~~~~~~~~~~~~~~~^^^^^^^^^^^^^^^^^^^^^^^^^^^^^^^^^^^^^^^^^^^
  File "/Users/josh/Projects/Proj/tbi/julie/env_julie/lib/python3.13/site-packages/drf_spectacular/generators.py", line 285, in get_schema
    paths=self.parse(request, public),
          ~~~~~~~~~~^^^^^^^^^^^^^^^^^
  File "/Users/josh/Projects/Proj/tbi/julie/env_julie/lib/python3.13/site-packages/drf_spectacular/generators.py", line 256, in parse
    operation = view.schema.get_operation(
        path, path_regex, path_prefix, method, self.registry
    )
  File "/Users/josh/Projects/Proj/tbi/julie/env_julie/lib/python3.13/site-packages/drf_spectacular/utils.py", line 451, in get_operation
    return super().get_operation(path, path_regex, path_prefix, method, registry)
           ~~~~~~~~~~~~~~~~~~~~~^^^^^^^^^^^^^^^^^^^^^^^^^^^^^^^^^^^^^^^^^^^^^^^^^
  File "/Users/josh/Projects/Proj/tbi/julie/env_julie/lib/python3.13/site-packages/drf_spectacular/openapi.py", line 112, in get_operation
    operation['responses'] = self._get_response_bodies()
                             ~~~~~~~~~~~~~~~~~~~~~~~~~^^
  File "/Users/josh/Projects/Proj/tbi/julie/env_julie/lib/python3.13/site-packages/drf_spectacular/openapi.py", line 1397, in _get_response_bodies
    return {'200': self._get_response_for_code(response_serializers, '200', direction=direction)}
                   ~~~~~~~~~~~~~~~~~~~~~~~~~~~^^^^^^^^^^^^^^^^^^^^^^^^^^^^^^^^^^^^^^^^^^^^^^^^^^
  File "/Users/josh/Projects/Proj/tbi/julie/env_julie/lib/python3.13/site-packages/drf_spectacular/openapi.py", line 1453, in _get_response_for_code
    component = self.resolve_serializer(serializer, direction)
  File "/Users/josh/Projects/Proj/tbi/julie/env_julie/lib/python3.13/site-packages/drf_spectacular/openapi.py", line 1648, in resolve_serializer
    component.schema = self._map_serializer(serializer, direction, bypass_extensions)
                       ~~~~~~~~~~~~~~~~~~~~^^^^^^^^^^^^^^^^^^^^^^^^^^^^^^^^^^^^^^^^^^
  File "/Users/josh/Projects/Proj/tbi/julie/env_julie/lib/python3.13/site-packages/drf_spectacular/openapi.py", line 949, in _map_serializer
    schema = self._map_basic_serializer(serializer, direction)
  File "/Users/josh/Projects/Proj/tbi/julie/env_julie/lib/python3.13/site-packages/drf_spectacular/openapi.py", line 1042, in _map_basic_serializer
    for field in serializer.fields.values():
                 ^^^^^^^^^^^^^^^^^
  File "/Users/josh/Projects/Proj/tbi/julie/env_julie/lib/python3.13/site-packages/django/utils/functional.py", line 47, in __get__
    res = instance.__dict__[self.name] = self.func(instance)
                                         ~~~~~~~~~^^^^^^^^^^
  File "/Users/josh/Projects/Proj/tbi/julie/env_julie/lib/python3.13/site-packages/rest_framework/serializers.py", line 374, in fields
    for key, value in self.get_fields().items():
                      ~~~~~~~~~~~~~~~^^
  File "/Users/josh/Projects/Proj/tbi/julie/env_julie/lib/python3.13/site-packages/rest_framework/serializers.py", line 1105, in get_fields
    field_class, field_kwargs = self.build_field(
                                ~~~~~~~~~~~~~~~~^
        source, info, model, depth
        ^^^^^^^^^^^^^^^^^^^^^^^^^^
    )
    ^
  File "/Users/josh/Projects/Proj/tbi/julie/env_julie/lib/python3.13/site-packages/rest_framework/serializers.py", line 1251, in build_field
    return self.build_unknown_field(field_name, model_class)
           ~~~~~~~~~~~~~~~~~~~~~~~~^^^^^^^^^^^^^^^^^^^^^^^^^
  File "/Users/josh/Projects/Proj/tbi/julie/env_julie/lib/python3.13/site-packages/rest_framework/serializers.py", line 1369, in build_unknown_field
    raise ImproperlyConfigured(
    ...<2 lines>...
    )
django.core.exceptions.ImproperlyConfigured: Field name `shop` is not valid for model `Seller` in `accounts.serializers.SellerSerializer`.
[2025-08-31 17:02:08] ERROR django.request log log_response:253 Internal Server Error: /api/v1/sellers/
Traceback (most recent call last):
  File "/Users/josh/Projects/Proj/tbi/julie/env_julie/lib/python3.13/site-packages/django/core/handlers/exception.py", line 55, in inner
    response = get_response(request)
  File "/Users/josh/Projects/Proj/tbi/julie/env_julie/lib/python3.13/site-packages/django/core/handlers/base.py", line 197, in _get_response
    response = wrapped_callback(request, *callback_args, **callback_kwargs)
  File "/Users/josh/Projects/Proj/tbi/julie/env_julie/lib/python3.13/site-packages/django/views/decorators/csrf.py", line 65, in _view_wrapper
    return view_func(request, *args, **kwargs)
  File "/Users/josh/Projects/Proj/tbi/julie/env_julie/lib/python3.13/site-packages/rest_framework/viewsets.py", line 125, in view
    return self.dispatch(request, *args, **kwargs)
           ~~~~~~~~~~~~~^^^^^^^^^^^^^^^^^^^^^^^^^^
  File "/Users/josh/Projects/Proj/tbi/julie/env_julie/lib/python3.13/site-packages/rest_framework/views.py", line 515, in dispatch
    response = self.handle_exception(exc)
  File "/Users/josh/Projects/Proj/tbi/julie/env_julie/lib/python3.13/site-packages/rest_framework/views.py", line 475, in handle_exception
    self.raise_uncaught_exception(exc)
    ~~~~~~~~~~~~~~~~~~~~~~~~~~~~~^^^^^
  File "/Users/josh/Projects/Proj/tbi/julie/env_julie/lib/python3.13/site-packages/rest_framework/views.py", line 486, in raise_uncaught_exception
    raise exc
  File "/Users/josh/Projects/Proj/tbi/julie/env_julie/lib/python3.13/site-packages/rest_framework/views.py", line 512, in dispatch
    response = handler(request, *args, **kwargs)
  File "/Users/josh/Projects/Proj/tbi/julie/env_julie/lib/python3.13/site-packages/drf_spectacular/drainage.py", line 207, in wrapped_method
    return method(self, request, *args, **kwargs)
  File "/Users/josh/Projects/Proj/tbi/julie/env_julie/lib/python3.13/site-packages/rest_framework/mixins.py", line 18, in create
    serializer.is_valid(raise_exception=True)
    ~~~~~~~~~~~~~~~~~~~^^^^^^^^^^^^^^^^^^^^^^
  File "/Users/josh/Projects/Proj/tbi/julie/env_julie/lib/python3.13/site-packages/rest_framework/serializers.py", line 225, in is_valid
    self._validated_data = self.run_validation(self.initial_data)
                           ~~~~~~~~~~~~~~~~~~~^^^^^^^^^^^^^^^^^^^
  File "/Users/josh/Projects/Proj/tbi/julie/env_julie/lib/python3.13/site-packages/rest_framework/serializers.py", line 444, in run_validation
    value = self.to_internal_value(data)
  File "/Users/josh/Projects/Proj/tbi/julie/env_julie/lib/python3.13/site-packages/rest_framework/serializers.py", line 497, in to_internal_value
    for field in fields:
                 ^^^^^^
  File "/Users/josh/Projects/Proj/tbi/julie/env_julie/lib/python3.13/site-packages/rest_framework/serializers.py", line 380, in _writable_fields
    for field in self.fields.values():
                 ^^^^^^^^^^^
  File "/Users/josh/Projects/Proj/tbi/julie/env_julie/lib/python3.13/site-packages/django/utils/functional.py", line 47, in __get__
    res = instance.__dict__[self.name] = self.func(instance)
                                         ~~~~~~~~~^^^^^^^^^^
  File "/Users/josh/Projects/Proj/tbi/julie/env_julie/lib/python3.13/site-packages/rest_framework/serializers.py", line 374, in fields
    for key, value in self.get_fields().items():
                      ~~~~~~~~~~~~~~~^^
  File "/Users/josh/Projects/Proj/tbi/julie/env_julie/lib/python3.13/site-packages/rest_framework/serializers.py", line 1105, in get_fields
    field_class, field_kwargs = self.build_field(
                                ~~~~~~~~~~~~~~~~^
        source, info, model, depth
        ^^^^^^^^^^^^^^^^^^^^^^^^^^
    )
    ^
  File "/Users/josh/Projects/Proj/tbi/julie/env_julie/lib/python3.13/site-packages/rest_framework/serializers.py", line 1251, in build_field
    return self.build_unknown_field(field_name, model_class)
           ~~~~~~~~~~~~~~~~~~~~~~~~^^^^^^^^^^^^^^^^^^^^^^^^^
  File "/Users/josh/Projects/Proj/tbi/julie/env_julie/lib/python3.13/site-packages/rest_framework/serializers.py", line 1369, in build_unknown_field
    raise ImproperlyConfigured(
    ...<2 lines>...
    )
django.core.exceptions.ImproperlyConfigured: Field name `is_verified` is not valid for model `Seller` in `accounts.serializers.SellerSerializer`.
[2025-08-31 17:02:39] ERROR django.request log log_response:253 Internal Server Error: /api/v1/sellers/
Traceback (most recent call last):
  File "/Users/josh/Projects/Proj/tbi/julie/env_julie/lib/python3.13/site-packages/django/core/handlers/exception.py", line 55, in inner
    response = get_response(request)
  File "/Users/josh/Projects/Proj/tbi/julie/env_julie/lib/python3.13/site-packages/django/core/handlers/base.py", line 197, in _get_response
    response = wrapped_callback(request, *callback_args, **callback_kwargs)
  File "/Users/josh/Projects/Proj/tbi/julie/env_julie/lib/python3.13/site-packages/django/views/decorators/csrf.py", line 65, in _view_wrapper
    return view_func(request, *args, **kwargs)
  File "/Users/josh/Projects/Proj/tbi/julie/env_julie/lib/python3.13/site-packages/rest_framework/viewsets.py", line 125, in view
    return self.dispatch(request, *args, **kwargs)
           ~~~~~~~~~~~~~^^^^^^^^^^^^^^^^^^^^^^^^^^
  File "/Users/josh/Projects/Proj/tbi/julie/env_julie/lib/python3.13/site-packages/rest_framework/views.py", line 515, in dispatch
    response = self.handle_exception(exc)
  File "/Users/josh/Projects/Proj/tbi/julie/env_julie/lib/python3.13/site-packages/rest_framework/views.py", line 475, in handle_exception
    self.raise_uncaught_exception(exc)
    ~~~~~~~~~~~~~~~~~~~~~~~~~~~~~^^^^^
  File "/Users/josh/Projects/Proj/tbi/julie/env_julie/lib/python3.13/site-packages/rest_framework/views.py", line 486, in raise_uncaught_exception
    raise exc
  File "/Users/josh/Projects/Proj/tbi/julie/env_julie/lib/python3.13/site-packages/rest_framework/views.py", line 512, in dispatch
    response = handler(request, *args, **kwargs)
  File "/Users/josh/Projects/Proj/tbi/julie/env_julie/lib/python3.13/site-packages/drf_spectacular/drainage.py", line 207, in wrapped_method
    return method(self, request, *args, **kwargs)
  File "/Users/josh/Projects/Proj/tbi/julie/env_julie/lib/python3.13/site-packages/rest_framework/mixins.py", line 18, in create
    serializer.is_valid(raise_exception=True)
    ~~~~~~~~~~~~~~~~~~~^^^^^^^^^^^^^^^^^^^^^^
  File "/Users/josh/Projects/Proj/tbi/julie/env_julie/lib/python3.13/site-packages/rest_framework/serializers.py", line 225, in is_valid
    self._validated_data = self.run_validation(self.initial_data)
                           ~~~~~~~~~~~~~~~~~~~^^^^^^^^^^^^^^^^^^^
  File "/Users/josh/Projects/Proj/tbi/julie/env_julie/lib/python3.13/site-packages/rest_framework/serializers.py", line 444, in run_validation
    value = self.to_internal_value(data)
  File "/Users/josh/Projects/Proj/tbi/julie/env_julie/lib/python3.13/site-packages/rest_framework/serializers.py", line 497, in to_internal_value
    for field in fields:
                 ^^^^^^
  File "/Users/josh/Projects/Proj/tbi/julie/env_julie/lib/python3.13/site-packages/rest_framework/serializers.py", line 380, in _writable_fields
    for field in self.fields.values():
                 ^^^^^^^^^^^
  File "/Users/josh/Projects/Proj/tbi/julie/env_julie/lib/python3.13/site-packages/django/utils/functional.py", line 47, in __get__
    res = instance.__dict__[self.name] = self.func(instance)
                                         ~~~~~~~~~^^^^^^^^^^
  File "/Users/josh/Projects/Proj/tbi/julie/env_julie/lib/python3.13/site-packages/rest_framework/serializers.py", line 374, in fields
    for key, value in self.get_fields().items():
                      ~~~~~~~~~~~~~~~^^
  File "/Users/josh/Projects/Proj/tbi/julie/env_julie/lib/python3.13/site-packages/rest_framework/serializers.py", line 1105, in get_fields
    field_class, field_kwargs = self.build_field(
                                ~~~~~~~~~~~~~~~~^
        source, info, model, depth
        ^^^^^^^^^^^^^^^^^^^^^^^^^^
    )
    ^
  File "/Users/josh/Projects/Proj/tbi/julie/env_julie/lib/python3.13/site-packages/rest_framework/serializers.py", line 1251, in build_field
    return self.build_unknown_field(field_name, model_class)
           ~~~~~~~~~~~~~~~~~~~~~~~~^^^^^^^^^^^^^^^^^^^^^^^^^
  File "/Users/josh/Projects/Proj/tbi/julie/env_julie/lib/python3.13/site-packages/rest_framework/serializers.py", line 1369, in build_unknown_field
    raise ImproperlyConfigured(
    ...<2 lines>...
    )
django.core.exceptions.ImproperlyConfigured: Field name `is_verified` is not valid for model `Seller` in `accounts.serializers.SellerSerializer`.
